<?xml version="1.0" encoding="UTF-8"?>
<testng-results ignored="0" total="1" passed="1" failed="0" skipped="0">
  <reporter-output>
  </reporter-output>
  <suite started-at="2020-09-01T16:51:06Z" name="Default suite" finished-at="2020-09-01T16:51:51Z" duration-ms="45476">
    <groups>
    </groups>
    <test started-at="2020-09-01T16:51:06Z" name="Default test" finished-at="2020-09-01T16:51:51Z" duration-ms="45476">
      <class name="Com.Qa.Test.LoginTest">
        <test-method signature="loginTest_Scenario()[pri:0, instance:Com.Qa.Test.LoginTest@37911f88]" started-at="2020-09-01T16:51:06Z" name="loginTest_Scenario" finished-at="2020-09-01T16:51:51Z" duration-ms="45388" status="PASS">
          <reporter-output>
          </reporter-output>
        </test-method> <!-- loginTest_Scenario -->
      </class> <!-- Com.Qa.Test.LoginTest -->
    </test> <!-- Default test -->
  </suite> <!-- Default suite -->
</testng-results>
